proguard/seeds.txt
de.codenauts.hockeyapp.MainActivity
de.codenauts.hockeyapp.AppActivity
de.codenauts.hockeyapp.CustomUpdateActivity
de.codenauts.hockeyapp.AppActivity
de.codenauts.hockeyapp.CustomUpdateActivity
...
net.hockeyapp.android.UpdateActivity: void onClickUpdate(android.view.View)
net.hockeyapp.android.UpdateActivity: void onClickUpdate(android.view.View)
net.hockeyapp.android.UpdateActivity: void onClickUpdate(android.view.View)
net.hockeyapp.android.UpdateActivity
net.hockeyapp.android.UpdateActivity