proguard/mapping.txt
de.codenauts.hockeyapp.AppActivity -> de.codenauts.hockeyapp.AppActivity:
    de.codenauts.hockeyapp.util.ActivityHelper activityHelper -> a
    de.codenauts.hockeyapp.ImageLoader imageLoader -> b
    void onCreate(android.os.Bundle) -> onCreate
    void configureView() -> a
    boolean onOptionsItemSelected(android.view.MenuItem) -> onOptionsItemSelected
    int getCurrentVersionCode() -> b
    int getLayout() -> c
de.codenauts.hockeyapp.AppTask -> de.codenauts.hockeyapp.g:
    de.codenauts.hockeyapp.MainActivity activity -> c
    int getVersionCode() -> a
    void onPostExecute(org.json.JSONArray) -> a
    java.lang.String getURLString(java.lang.String) -> a
    boolean getCachingEnabled() -> b
de.codenauts.hockeyapp.AppsAdapter -> de.codenauts.hockeyapp.i:
    de.codenauts.hockeyapp.ImageLoader imageLoader -> a
    android.app.Activity activity -> b
    java.util.ArrayList apps -> c
    android.view.LayoutInflater inflater -> d
    int getCount() -> getCount
    java.lang.Object getItem(int) -> getItem
    long getItemId(int) -> getItemId
    android.view.View getView(int,android.view.View,android.view.ViewGroup) -> getView
de.codenauts.hockeyapp.AppsTask -> de.codenauts.hockeyapp.k:
    boolean finished -> a
    org.json.JSONArray apps -> b
    de.codenauts.hockeyapp.MainActivity activity -> c
    java.lang.String token -> d
    void attach(de.codenauts.hockeyapp.MainActivity) -> a
    void detach() -> a
    org.json.JSONArray doInBackground$4d6d4ee6() -> b
    void handleResult() -> c
    void onPostExecute(java.lang.Object) -> onPostExecute
    java.lang.Object doInBackground(java.lang.Object[]) -> doInBackground
de.codenauts.hockeyapp.Base64 -> de.codenauts.hockeyapp.o:
    byte[] _STANDARD_ALPHABET -> a
    byte[] _STANDARD_DECODABET -> b
    byte[] _URL_SAFE_ALPHABET -> c
    byte[] _URL_SAFE_DECODABET -> d
    byte[] _ORDERED_ALPHABET -> e
    byte[] _ORDERED_DECODABET -> f
    boolean $assertionsDisabled -> g
    byte[] encode3to4$45536f7a(byte[],int,int,byte[],int) -> a
    java.lang.String encodeBytes(byte[]) -> a
    java.lang.String encodeBytes$5fb0bea7(byte[],int) -> a
de.codenauts.hockeyapp.CustomUpdateActivity -> de.codenauts.hockeyapp.CustomUpdateActivity:
    de.codenauts.hockeyapp.util.ActivityHelper activityHelper -> a
    void onCreate(android.os.Bundle) -> onCreate
    boolean onOptionsItemSelected(android.view.MenuItem) -> onOptionsItemSelected
    int getLayout() -> c
de.codenauts.hockeyapp.FileCache -> de.codenauts.hockeyapp.l:
    java.io.File cacheDir -> a
    java.io.File getFile(java.lang.String) -> a
de.codenauts.hockeyapp.ImageLoader -> de.codenauts.hockeyapp.a:
    de.codenauts.hockeyapp.ImageLoader$ImageLoaderThread imageLoaderThread -> a
    de.codenauts.hockeyapp.ImageLoader$ImageQueue imageQueue -> b
    de.codenauts.hockeyapp.FileCache fileCache -> c
    java.util.Map imageViews -> d
    de.codenauts.hockeyapp.MemoryCache memoryCache -> e
    void displayImage$78054775(java.lang.String,android.widget.ImageView) -> a
    android.graphics.Bitmap getBitmap(java.lang.String) -> a
    android.graphics.Bitmap decodeFile(java.io.File) -> a
    void CopyStream(java.io.InputStream,java.io.OutputStream) -> a
    de.codenauts.hockeyapp.ImageLoader$ImageQueue access$0(de.codenauts.hockeyapp.ImageLoader) -> a
    android.graphics.Bitmap access$1(de.codenauts.hockeyapp.ImageLoader,java.lang.String) -> a
    de.codenauts.hockeyapp.MemoryCache access$2(de.codenauts.hockeyapp.ImageLoader) -> b
    java.util.Map access$3(de.codenauts.hockeyapp.ImageLoader) -> c
de.codenauts.hockeyapp.ImageLoader$BitmapDisplayer -> de.codenauts.hockeyapp.f:
    android.graphics.Bitmap bitmap -> a
    android.widget.ImageView imageView -> b
    de.codenauts.hockeyapp.ImageLoader this$0 -> c
    void run() -> run
de.codenauts.hockeyapp.ImageLoader$ImageLoaderThread -> de.codenauts.hockeyapp.n:
    de.codenauts.hockeyapp.ImageLoader this$0 -> a
    void run() -> run
...
net.hockeyapp.android.CheckUpdateTask -> net.hockeyapp.android.aa:
    java.lang.String urlString -> a
    java.lang.String appIdentifier -> b
    android.app.Activity activity -> c
    java.lang.Boolean mandatory -> d
    net.hockeyapp.android.UpdateManagerListener listener -> e
    void attach(android.app.Activity) -> a
    void detach() -> c
    int getVersionCode() -> a
    org.json.JSONArray doInBackground$4d6d4ee6() -> d
    boolean findNewVersion(org.json.JSONArray,int) -> a
    void onPostExecute(org.json.JSONArray) -> a
    void cleanUp() -> e
    java.lang.String getURLString(java.lang.String) -> a
    void startUpdateIntent(org.json.JSONArray,java.lang.Boolean) -> a
    java.lang.String convertStreamToString(java.io.InputStream) -> a
    boolean getCachingEnabled() -> b
    void onPostExecute(java.lang.Object) -> onPostExecute
    java.lang.Object doInBackground(java.lang.Object[]) -> doInBackground
    void access$2(net.hockeyapp.android.CheckUpdateTask) -> a
    android.app.Activity access$3(net.hockeyapp.android.CheckUpdateTask) -> b
    void access$4(net.hockeyapp.android.CheckUpdateTask,org.json.JSONArray) -> a
    void access$5(net.hockeyapp.android.CheckUpdateTask,org.json.JSONArray,java.lang.Boolean) -> a
net.hockeyapp.android.CheckUpdateTask$1 -> net.hockeyapp.android.d:
    net.hockeyapp.android.CheckUpdateTask this$0 -> a
    void onClick(android.content.DialogInterface,int) -> onClick
net.hockeyapp.android.CheckUpdateTask$2 -> net.hockeyapp.android.e:
    net.hockeyapp.android.CheckUpdateTask this$0 -> a
    org.json.JSONArray val$updateInfo -> b
    void onClick(android.content.DialogInterface,int) -> onClick
net.hockeyapp.android.Constants -> net.hockeyapp.android.j:
    java.lang.String FILES_PATH -> a
    java.lang.String APP_VERSION -> b
    java.lang.String APP_PACKAGE -> c
    java.lang.String ANDROID_VERSION -> d
    java.lang.String PHONE_MODEL -> e
    java.lang.String PHONE_MANUFACTURER -> f
    java.lang.String TAG -> g
    void loadFromContext(android.content.Context) -> a
net.hockeyapp.android.CrashManager -> net.hockeyapp.android.k:
    java.lang.String BASE_URL -> a
    java.lang.String identifier -> b
    java.lang.String urlString -> c
    void register(android.content.Context,java.lang.String) -> a
    void sendCrashes(android.content.Context,net.hockeyapp.android.CrashManagerListener,boolean) -> b
    void registerHandler$415a69f1(net.hockeyapp.android.CrashManagerListener,boolean) -> b
    void deleteStackTraces(android.content.Context) -> a
    void deleteStackTrace(android.content.Context,java.lang.String) -> b
    void submitStackTraces(android.content.Context,net.hockeyapp.android.CrashManagerListener) -> a
    java.lang.String contentsOfFile(android.content.Context,java.lang.String) -> c
    java.lang.String[] searchForStackTraces() -> a
    void access$0$415a69f1(net.hockeyapp.android.CrashManagerListener,boolean) -> a
    void access$1(android.content.Context,net.hockeyapp.android.CrashManagerListener,boolean) -> a
net.hockeyapp.android.CrashManager$1 -> net.hockeyapp.android.n:
    android.content.Context val$context -> a
    net.hockeyapp.android.CrashManagerListener val$listener -> b
    boolean val$ignoreDefaultHandler -> c
    void onClick(android.content.DialogInterface,int) -> onClick
net.hockeyapp.android.CrashManager$2 -> net.hockeyapp.android.p:
    android.content.Context val$context -> a
    net.hockeyapp.android.CrashManagerListener val$listener -> b
    boolean val$ignoreDefaultHandler -> c
    void onClick(android.content.DialogInterface,int) -> onClick
net.hockeyapp.android.CrashManager$3 -> net.hockeyapp.android.g:
    android.content.Context val$context -> a
    net.hockeyapp.android.CrashManagerListener val$listener -> b
    boolean val$ignoreDefaultHandler -> c
    void run() -> run
net.hockeyapp.android.CrashManager$4 -> net.hockeyapp.android.h:
    boolean accept(java.io.File,java.lang.String) -> accept